Performing C SOURCE FILE Test CMAKE_HAVE_LIBC_PTHREAD failed with the following output:
Change Dir: /export/home/tkaprelian/Software/GatePython/gam-g4/build/temp.linux-x86_64-3.9/CMakeFiles/CMakeTmp

Run Build Command(s):/usr/bin/gmake cmTC_5e2a0/fast && /usr/bin/gmake -f CMakeFiles/cmTC_5e2a0.dir/build.make CMakeFiles/cmTC_5e2a0.dir/build
gmake[1]: Entering directory '/export/home/tkaprelian/Software/GatePython/gam-g4/build/temp.linux-x86_64-3.9/CMakeFiles/CMakeTmp'
Building C object CMakeFiles/cmTC_5e2a0.dir/src.c.o
/usr/bin/cc   -DCMAKE_HAVE_LIBC_PTHREAD   -o CMakeFiles/cmTC_5e2a0.dir/src.c.o   -c /export/home/tkaprelian/Software/GatePython/gam-g4/build/temp.linux-x86_64-3.9/CMakeFiles/CMakeTmp/src.c
Linking C executable cmTC_5e2a0
/export/home/tkaprelian/Software/cmake/cmake-3.16.4-Linux-x86_64/bin/cmake -E cmake_link_script CMakeFiles/cmTC_5e2a0.dir/link.txt --verbose=1
/usr/bin/cc  -DCMAKE_HAVE_LIBC_PTHREAD    CMakeFiles/cmTC_5e2a0.dir/src.c.o  -o cmTC_5e2a0 
/usr/lib64/gcc/x86_64-suse-linux/7/../../../../x86_64-suse-linux/bin/ld: CMakeFiles/cmTC_5e2a0.dir/src.c.o: in function `main':
src.c:(.text+0x2d): undefined reference to `pthread_create'
/usr/lib64/gcc/x86_64-suse-linux/7/../../../../x86_64-suse-linux/bin/ld: src.c:(.text+0x39): undefined reference to `pthread_detach'
/usr/lib64/gcc/x86_64-suse-linux/7/../../../../x86_64-suse-linux/bin/ld: src.c:(.text+0x4a): undefined reference to `pthread_join'
collect2: error: ld returned 1 exit status
gmake[1]: *** [CMakeFiles/cmTC_5e2a0.dir/build.make:87: cmTC_5e2a0] Error 1
gmake[1]: Leaving directory '/export/home/tkaprelian/Software/GatePython/gam-g4/build/temp.linux-x86_64-3.9/CMakeFiles/CMakeTmp'
gmake: *** [Makefile:121: cmTC_5e2a0/fast] Error 2


Source file was:
#include <pthread.h>

void* test_func(void* data)
{
  return data;
}

int main(void)
{
  pthread_t thread;
  pthread_create(&thread, NULL, test_func, NULL);
  pthread_detach(thread);
  pthread_join(thread, NULL);
  pthread_atfork(NULL, NULL, NULL);
  pthread_exit(NULL);

  return 0;
}

Determining if the strtod_l exist failed with the following output:
Change Dir: /export/home/tkaprelian/Software/GatePython/gam-g4/build/temp.linux-x86_64-3.9/CMakeFiles/CMakeTmp

Run Build Command(s):/usr/bin/gmake cmTC_20600/fast && /usr/bin/gmake -f CMakeFiles/cmTC_20600.dir/build.make CMakeFiles/cmTC_20600.dir/build
gmake[1]: Entering directory '/export/home/tkaprelian/Software/GatePython/gam-g4/build/temp.linux-x86_64-3.9/CMakeFiles/CMakeTmp'
Building C object CMakeFiles/cmTC_20600.dir/CheckSymbolExists.c.o
/usr/bin/cc    -o CMakeFiles/cmTC_20600.dir/CheckSymbolExists.c.o   -c /export/home/tkaprelian/Software/GatePython/gam-g4/build/temp.linux-x86_64-3.9/CMakeFiles/CMakeTmp/CheckSymbolExists.c
/export/home/tkaprelian/Software/GatePython/gam-g4/build/temp.linux-x86_64-3.9/CMakeFiles/CMakeTmp/CheckSymbolExists.c: In function ‘main’:
/export/home/tkaprelian/Software/GatePython/gam-g4/build/temp.linux-x86_64-3.9/CMakeFiles/CMakeTmp/CheckSymbolExists.c:8:19: error: ‘strtod_l’ undeclared (first use in this function); did you mean ‘strtoull’?
   return ((int*)(&strtod_l))[argc];
                   ^~~~~~~~
                   strtoull
/export/home/tkaprelian/Software/GatePython/gam-g4/build/temp.linux-x86_64-3.9/CMakeFiles/CMakeTmp/CheckSymbolExists.c:8:19: note: each undeclared identifier is reported only once for each function it appears in
gmake[1]: *** [CMakeFiles/cmTC_20600.dir/build.make:66: CMakeFiles/cmTC_20600.dir/CheckSymbolExists.c.o] Error 1
gmake[1]: Leaving directory '/export/home/tkaprelian/Software/GatePython/gam-g4/build/temp.linux-x86_64-3.9/CMakeFiles/CMakeTmp'
gmake: *** [Makefile:121: cmTC_20600/fast] Error 2


File /export/home/tkaprelian/Software/GatePython/gam-g4/build/temp.linux-x86_64-3.9/CMakeFiles/CMakeTmp/CheckSymbolExists.c:
/* */
#include <stdlib.h>

int main(int argc, char** argv)
{
  (void)argv;
#ifndef strtod_l
  return ((int*)(&strtod_l))[argc];
#else
  (void)argc;
  return 0;
#endif
}
