The system is: Linux - 5.3.18-57-default - x86_64
Compiling the C compiler identification source file "CMakeCCompilerId.c" succeeded.
Compiler: /usr/bin/cc 
Build flags: 
Id flags:  

The output was:
0


Compilation of the C compiler identification source "CMakeCCompilerId.c" produced "a.out"

The C compiler identification is GNU, found in "/export/home/tkaprelian/Software/GatePython/gam-g4/build/temp.linux-x86_64-3.9/CMakeFiles/3.16.4/CompilerIdC/a.out"

Compiling the CXX compiler identification source file "CMakeCXXCompilerId.cpp" succeeded.
Compiler: /usr/bin/c++ 
Build flags: ;-DVERSION_INFO=\"0.2.4\"
Id flags:  

The output was:
0
<command-line>:0:15: warning: missing terminating " character


Compilation of the CXX compiler identification source "CMakeCXXCompilerId.cpp" produced "a.out"

The CXX compiler identification is GNU, found in "/export/home/tkaprelian/Software/GatePython/gam-g4/build/temp.linux-x86_64-3.9/CMakeFiles/3.16.4/CompilerIdCXX/a.out"

Determining if the C compiler works passed with the following output:
Change Dir: /export/home/tkaprelian/Software/GatePython/gam-g4/build/temp.linux-x86_64-3.9/CMakeFiles/CMakeTmp

Run Build Command(s):/usr/bin/gmake cmTC_78790/fast && /usr/bin/gmake -f CMakeFiles/cmTC_78790.dir/build.make CMakeFiles/cmTC_78790.dir/build
gmake[1]: Entering directory '/export/home/tkaprelian/Software/GatePython/gam-g4/build/temp.linux-x86_64-3.9/CMakeFiles/CMakeTmp'
Building C object CMakeFiles/cmTC_78790.dir/testCCompiler.c.o
/usr/bin/cc    -o CMakeFiles/cmTC_78790.dir/testCCompiler.c.o   -c /export/home/tkaprelian/Software/GatePython/gam-g4/build/temp.linux-x86_64-3.9/CMakeFiles/CMakeTmp/testCCompiler.c
Linking C executable cmTC_78790
/export/home/tkaprelian/Software/cmake/cmake-3.16.4-Linux-x86_64/bin/cmake -E cmake_link_script CMakeFiles/cmTC_78790.dir/link.txt --verbose=1
/usr/bin/cc      -rdynamic CMakeFiles/cmTC_78790.dir/testCCompiler.c.o  -o cmTC_78790 
gmake[1]: Leaving directory '/export/home/tkaprelian/Software/GatePython/gam-g4/build/temp.linux-x86_64-3.9/CMakeFiles/CMakeTmp'



Detecting C compiler ABI info compiled with the following output:
Change Dir: /export/home/tkaprelian/Software/GatePython/gam-g4/build/temp.linux-x86_64-3.9/CMakeFiles/CMakeTmp

Run Build Command(s):/usr/bin/gmake cmTC_07668/fast && /usr/bin/gmake -f CMakeFiles/cmTC_07668.dir/build.make CMakeFiles/cmTC_07668.dir/build
gmake[1]: Entering directory '/export/home/tkaprelian/Software/GatePython/gam-g4/build/temp.linux-x86_64-3.9/CMakeFiles/CMakeTmp'
Building C object CMakeFiles/cmTC_07668.dir/CMakeCCompilerABI.c.o
/usr/bin/cc   -v -o CMakeFiles/cmTC_07668.dir/CMakeCCompilerABI.c.o   -c /export/home/tkaprelian/Software/cmake/cmake-3.16.4-Linux-x86_64/share/cmake-3.16/Modules/CMakeCCompilerABI.c
Using built-in specs.
COLLECT_GCC=/usr/bin/cc
OFFLOAD_TARGET_NAMES=hsa:nvptx-none
Target: x86_64-suse-linux
Configured with: ../configure --prefix=/usr --infodir=/usr/share/info --mandir=/usr/share/man --libdir=/usr/lib64 --libexecdir=/usr/lib64 --enable-languages=c,c++,objc,fortran,obj-c++,ada,go --enable-offload-targets=hsa,nvptx-none, --without-cuda-driver --enable-checking=release --disable-werror --with-gxx-include-dir=/usr/include/c++/7 --enable-ssp --disable-libssp --disable-libvtv --disable-libcc1 --disable-plugin --with-bugurl=https://bugs.opensuse.org/ --with-pkgversion='SUSE Linux' --with-slibdir=/lib64 --with-system-zlib --enable-libstdcxx-allocator=new --disable-libstdcxx-pch --enable-version-specific-runtime-libs --with-gcc-major-version-only --enable-linker-build-id --enable-linux-futex --enable-gnu-indirect-function --program-suffix=-7 --without-system-libunwind --enable-multilib --with-arch-32=x86-64 --with-tune=generic --build=x86_64-suse-linux --host=x86_64-suse-linux
Thread model: posix
gcc version 7.5.0 (SUSE Linux) 
COLLECT_GCC_OPTIONS='-v' '-o' 'CMakeFiles/cmTC_07668.dir/CMakeCCompilerABI.c.o' '-c' '-mtune=generic' '-march=x86-64'
 /usr/lib64/gcc/x86_64-suse-linux/7/cc1 -quiet -v /export/home/tkaprelian/Software/cmake/cmake-3.16.4-Linux-x86_64/share/cmake-3.16/Modules/CMakeCCompilerABI.c -quiet -dumpbase CMakeCCompilerABI.c -mtune=generic -march=x86-64 -auxbase-strip CMakeFiles/cmTC_07668.dir/CMakeCCompilerABI.c.o -version -o /tmp/ccgpVx0V.s
GNU C11 (SUSE Linux) version 7.5.0 (x86_64-suse-linux)
	compiled by GNU C version 7.5.0, GMP version 6.1.2, MPFR version 4.0.1, MPC version 1.1.0, isl version isl-0.18-GMP

warning: MPFR header version 4.0.1 differs from library version 4.0.2-p6.
GGC heuristics: --param ggc-min-expand=100 --param ggc-min-heapsize=131072
#include "..." search starts here:
#include <...> search starts here:
 /usr/lib64/gcc/x86_64-suse-linux/7/include
 /usr/local/include
 /usr/lib64/gcc/x86_64-suse-linux/7/include-fixed
 /usr/lib64/gcc/x86_64-suse-linux/7/../../../../x86_64-suse-linux/include
 /usr/include
End of search list.
GNU C11 (SUSE Linux) version 7.5.0 (x86_64-suse-linux)
	compiled by GNU C version 7.5.0, GMP version 6.1.2, MPFR version 4.0.1, MPC version 1.1.0, isl version isl-0.18-GMP

warning: MPFR header version 4.0.1 differs from library version 4.0.2-p6.
GGC heuristics: --param ggc-min-expand=100 --param ggc-min-heapsize=131072
Compiler executable checksum: 1e77d6394f7b17d7dc3b0038baa6a8f9
COLLECT_GCC_OPTIONS='-v' '-o' 'CMakeFiles/cmTC_07668.dir/CMakeCCompilerABI.c.o' '-c' '-mtune=generic' '-march=x86-64'
 /usr/lib64/gcc/x86_64-suse-linux/7/../../../../x86_64-suse-linux/bin/as -v --64 -o CMakeFiles/cmTC_07668.dir/CMakeCCompilerABI.c.o /tmp/ccgpVx0V.s
GNU assembler version 2.35.1 (x86_64-suse-linux) using BFD version (GNU Binutils; SUSE Linux Enterprise 15) 2.35.1.20201123-7.18
COMPILER_PATH=/usr/lib64/gcc/x86_64-suse-linux/7/:/usr/lib64/gcc/x86_64-suse-linux/7/:/usr/lib64/gcc/x86_64-suse-linux/:/usr/lib64/gcc/x86_64-suse-linux/7/:/usr/lib64/gcc/x86_64-suse-linux/:/usr/lib64/gcc/x86_64-suse-linux/7/../../../../x86_64-suse-linux/bin/
LIBRARY_PATH=/usr/lib64/gcc/x86_64-suse-linux/7/:/usr/lib64/gcc/x86_64-suse-linux/7/../../../../lib64/:/lib/../lib64/:/usr/lib/../lib64/:/usr/lib64/gcc/x86_64-suse-linux/7/../../../../x86_64-suse-linux/lib/:/usr/lib64/gcc/x86_64-suse-linux/7/../../../:/lib/:/usr/lib/
COLLECT_GCC_OPTIONS='-v' '-o' 'CMakeFiles/cmTC_07668.dir/CMakeCCompilerABI.c.o' '-c' '-mtune=generic' '-march=x86-64'
Linking C executable cmTC_07668
/export/home/tkaprelian/Software/cmake/cmake-3.16.4-Linux-x86_64/bin/cmake -E cmake_link_script CMakeFiles/cmTC_07668.dir/link.txt --verbose=1
/usr/bin/cc     -v -rdynamic CMakeFiles/cmTC_07668.dir/CMakeCCompilerABI.c.o  -o cmTC_07668 
Using built-in specs.
COLLECT_GCC=/usr/bin/cc
COLLECT_LTO_WRAPPER=/usr/lib64/gcc/x86_64-suse-linux/7/lto-wrapper
OFFLOAD_TARGET_NAMES=hsa:nvptx-none
Target: x86_64-suse-linux
Configured with: ../configure --prefix=/usr --infodir=/usr/share/info --mandir=/usr/share/man --libdir=/usr/lib64 --libexecdir=/usr/lib64 --enable-languages=c,c++,objc,fortran,obj-c++,ada,go --enable-offload-targets=hsa,nvptx-none, --without-cuda-driver --enable-checking=release --disable-werror --with-gxx-include-dir=/usr/include/c++/7 --enable-ssp --disable-libssp --disable-libvtv --disable-libcc1 --disable-plugin --with-bugurl=https://bugs.opensuse.org/ --with-pkgversion='SUSE Linux' --with-slibdir=/lib64 --with-system-zlib --enable-libstdcxx-allocator=new --disable-libstdcxx-pch --enable-version-specific-runtime-libs --with-gcc-major-version-only --enable-linker-build-id --enable-linux-futex --enable-gnu-indirect-function --program-suffix=-7 --without-system-libunwind --enable-multilib --with-arch-32=x86-64 --with-tune=generic --build=x86_64-suse-linux --host=x86_64-suse-linux
Thread model: posix
gcc version 7.5.0 (SUSE Linux) 
COMPILER_PATH=/usr/lib64/gcc/x86_64-suse-linux/7/:/usr/lib64/gcc/x86_64-suse-linux/7/:/usr/lib64/gcc/x86_64-suse-linux/:/usr/lib64/gcc/x86_64-suse-linux/7/:/usr/lib64/gcc/x86_64-suse-linux/:/usr/lib64/gcc/x86_64-suse-linux/7/../../../../x86_64-suse-linux/bin/
LIBRARY_PATH=/usr/lib64/gcc/x86_64-suse-linux/7/:/usr/lib64/gcc/x86_64-suse-linux/7/../../../../lib64/:/lib/../lib64/:/usr/lib/../lib64/:/usr/lib64/gcc/x86_64-suse-linux/7/../../../../x86_64-suse-linux/lib/:/usr/lib64/gcc/x86_64-suse-linux/7/../../../:/lib/:/usr/lib/
COLLECT_GCC_OPTIONS='-v' '-rdynamic' '-o' 'cmTC_07668' '-mtune=generic' '-march=x86-64'
 /usr/lib64/gcc/x86_64-suse-linux/7/collect2 -plugin /usr/lib64/gcc/x86_64-suse-linux/7/liblto_plugin.so -plugin-opt=/usr/lib64/gcc/x86_64-suse-linux/7/lto-wrapper -plugin-opt=-fresolution=/tmp/ccL2UpTk.res -plugin-opt=-pass-through=-lgcc -plugin-opt=-pass-through=-lgcc_s -plugin-opt=-pass-through=-lc -plugin-opt=-pass-through=-lgcc -plugin-opt=-pass-through=-lgcc_s --build-id --eh-frame-hdr -m elf_x86_64 -export-dynamic -dynamic-linker /lib64/ld-linux-x86-64.so.2 -o cmTC_07668 /usr/lib64/gcc/x86_64-suse-linux/7/../../../../lib64/crt1.o /usr/lib64/gcc/x86_64-suse-linux/7/../../../../lib64/crti.o /usr/lib64/gcc/x86_64-suse-linux/7/crtbegin.o -L/usr/lib64/gcc/x86_64-suse-linux/7 -L/usr/lib64/gcc/x86_64-suse-linux/7/../../../../lib64 -L/lib/../lib64 -L/usr/lib/../lib64 -L/usr/lib64/gcc/x86_64-suse-linux/7/../../../../x86_64-suse-linux/lib -L/usr/lib64/gcc/x86_64-suse-linux/7/../../.. CMakeFiles/cmTC_07668.dir/CMakeCCompilerABI.c.o -lgcc --as-needed -lgcc_s --no-as-needed -lc -lgcc --as-needed -lgcc_s --no-as-needed /usr/lib64/gcc/x86_64-suse-linux/7/crtend.o /usr/lib64/gcc/x86_64-suse-linux/7/../../../../lib64/crtn.o
COLLECT_GCC_OPTIONS='-v' '-rdynamic' '-o' 'cmTC_07668' '-mtune=generic' '-march=x86-64'
gmake[1]: Leaving directory '/export/home/tkaprelian/Software/GatePython/gam-g4/build/temp.linux-x86_64-3.9/CMakeFiles/CMakeTmp'



Parsed C implicit include dir info from above output: rv=done
  found start of include info
  found start of implicit include info
    add: [/usr/lib64/gcc/x86_64-suse-linux/7/include]
    add: [/usr/local/include]
    add: [/usr/lib64/gcc/x86_64-suse-linux/7/include-fixed]
    add: [/usr/lib64/gcc/x86_64-suse-linux/7/../../../../x86_64-suse-linux/include]
    add: [/usr/include]
  end of search list found
  collapse include dir [/usr/lib64/gcc/x86_64-suse-linux/7/include] ==> [/usr/lib64/gcc/x86_64-suse-linux/7/include]
  collapse include dir [/usr/local/include] ==> [/usr/local/include]
  collapse include dir [/usr/lib64/gcc/x86_64-suse-linux/7/include-fixed] ==> [/usr/lib64/gcc/x86_64-suse-linux/7/include-fixed]
  collapse include dir [/usr/lib64/gcc/x86_64-suse-linux/7/../../../../x86_64-suse-linux/include] ==> [/usr/x86_64-suse-linux/include]
  collapse include dir [/usr/include] ==> [/usr/include]
  implicit include dirs: [/usr/lib64/gcc/x86_64-suse-linux/7/include;/usr/local/include;/usr/lib64/gcc/x86_64-suse-linux/7/include-fixed;/usr/x86_64-suse-linux/include;/usr/include]


Parsed C implicit link information from above output:
  link line regex: [^( *|.*[/\])(ld|CMAKE_LINK_STARTFILE-NOTFOUND|([^/\]+-)?ld|collect2)[^/\]*( |$)]
  ignore line: [Change Dir: /export/home/tkaprelian/Software/GatePython/gam-g4/build/temp.linux-x86_64-3.9/CMakeFiles/CMakeTmp]
  ignore line: []
  ignore line: [Run Build Command(s):/usr/bin/gmake cmTC_07668/fast && /usr/bin/gmake -f CMakeFiles/cmTC_07668.dir/build.make CMakeFiles/cmTC_07668.dir/build]
  ignore line: [gmake[1]: Entering directory '/export/home/tkaprelian/Software/GatePython/gam-g4/build/temp.linux-x86_64-3.9/CMakeFiles/CMakeTmp']
  ignore line: [Building C object CMakeFiles/cmTC_07668.dir/CMakeCCompilerABI.c.o]
  ignore line: [/usr/bin/cc   -v -o CMakeFiles/cmTC_07668.dir/CMakeCCompilerABI.c.o   -c /export/home/tkaprelian/Software/cmake/cmake-3.16.4-Linux-x86_64/share/cmake-3.16/Modules/CMakeCCompilerABI.c]
  ignore line: [Using built-in specs.]
  ignore line: [COLLECT_GCC=/usr/bin/cc]
  ignore line: [OFFLOAD_TARGET_NAMES=hsa:nvptx-none]
  ignore line: [Target: x86_64-suse-linux]
  ignore line: [Configured with: ../configure --prefix=/usr --infodir=/usr/share/info --mandir=/usr/share/man --libdir=/usr/lib64 --libexecdir=/usr/lib64 --enable-languages=c c++ objc fortran obj-c++ ada go --enable-offload-targets=hsa nvptx-none  --without-cuda-driver --enable-checking=release --disable-werror --with-gxx-include-dir=/usr/include/c++/7 --enable-ssp --disable-libssp --disable-libvtv --disable-libcc1 --disable-plugin --with-bugurl=https://bugs.opensuse.org/ --with-pkgversion='SUSE Linux' --with-slibdir=/lib64 --with-system-zlib --enable-libstdcxx-allocator=new --disable-libstdcxx-pch --enable-version-specific-runtime-libs --with-gcc-major-version-only --enable-linker-build-id --enable-linux-futex --enable-gnu-indirect-function --program-suffix=-7 --without-system-libunwind --enable-multilib --with-arch-32=x86-64 --with-tune=generic --build=x86_64-suse-linux --host=x86_64-suse-linux]
  ignore line: [Thread model: posix]
  ignore line: [gcc version 7.5.0 (SUSE Linux) ]
  ignore line: [COLLECT_GCC_OPTIONS='-v' '-o' 'CMakeFiles/cmTC_07668.dir/CMakeCCompilerABI.c.o' '-c' '-mtune=generic' '-march=x86-64']
  ignore line: [ /usr/lib64/gcc/x86_64-suse-linux/7/cc1 -quiet -v /export/home/tkaprelian/Software/cmake/cmake-3.16.4-Linux-x86_64/share/cmake-3.16/Modules/CMakeCCompilerABI.c -quiet -dumpbase CMakeCCompilerABI.c -mtune=generic -march=x86-64 -auxbase-strip CMakeFiles/cmTC_07668.dir/CMakeCCompilerABI.c.o -version -o /tmp/ccgpVx0V.s]
  ignore line: [GNU C11 (SUSE Linux) version 7.5.0 (x86_64-suse-linux)]
  ignore line: [	compiled by GNU C version 7.5.0  GMP version 6.1.2  MPFR version 4.0.1  MPC version 1.1.0  isl version isl-0.18-GMP]
  ignore line: []
  ignore line: [warning: MPFR header version 4.0.1 differs from library version 4.0.2-p6.]
  ignore line: [GGC heuristics: --param ggc-min-expand=100 --param ggc-min-heapsize=131072]
  ignore line: [#include "..." search starts here:]
  ignore line: [#include <...> search starts here:]
  ignore line: [ /usr/lib64/gcc/x86_64-suse-linux/7/include]
  ignore line: [ /usr/local/include]
  ignore line: [ /usr/lib64/gcc/x86_64-suse-linux/7/include-fixed]
  ignore line: [ /usr/lib64/gcc/x86_64-suse-linux/7/../../../../x86_64-suse-linux/include]
  ignore line: [ /usr/include]
  ignore line: [End of search list.]
  ignore line: [GNU C11 (SUSE Linux) version 7.5.0 (x86_64-suse-linux)]
  ignore line: [	compiled by GNU C version 7.5.0  GMP version 6.1.2  MPFR version 4.0.1  MPC version 1.1.0  isl version isl-0.18-GMP]
  ignore line: []
  ignore line: [warning: MPFR header version 4.0.1 differs from library version 4.0.2-p6.]
  ignore line: [GGC heuristics: --param ggc-min-expand=100 --param ggc-min-heapsize=131072]
  ignore line: [Compiler executable checksum: 1e77d6394f7b17d7dc3b0038baa6a8f9]
  ignore line: [COLLECT_GCC_OPTIONS='-v' '-o' 'CMakeFiles/cmTC_07668.dir/CMakeCCompilerABI.c.o' '-c' '-mtune=generic' '-march=x86-64']
  ignore line: [ /usr/lib64/gcc/x86_64-suse-linux/7/../../../../x86_64-suse-linux/bin/as -v --64 -o CMakeFiles/cmTC_07668.dir/CMakeCCompilerABI.c.o /tmp/ccgpVx0V.s]
  ignore line: [GNU assembler version 2.35.1 (x86_64-suse-linux) using BFD version (GNU Binutils]
  ignore line: [ SUSE Linux Enterprise 15) 2.35.1.20201123-7.18]
  ignore line: [COMPILER_PATH=/usr/lib64/gcc/x86_64-suse-linux/7/:/usr/lib64/gcc/x86_64-suse-linux/7/:/usr/lib64/gcc/x86_64-suse-linux/:/usr/lib64/gcc/x86_64-suse-linux/7/:/usr/lib64/gcc/x86_64-suse-linux/:/usr/lib64/gcc/x86_64-suse-linux/7/../../../../x86_64-suse-linux/bin/]
  ignore line: [LIBRARY_PATH=/usr/lib64/gcc/x86_64-suse-linux/7/:/usr/lib64/gcc/x86_64-suse-linux/7/../../../../lib64/:/lib/../lib64/:/usr/lib/../lib64/:/usr/lib64/gcc/x86_64-suse-linux/7/../../../../x86_64-suse-linux/lib/:/usr/lib64/gcc/x86_64-suse-linux/7/../../../:/lib/:/usr/lib/]
  ignore line: [COLLECT_GCC_OPTIONS='-v' '-o' 'CMakeFiles/cmTC_07668.dir/CMakeCCompilerABI.c.o' '-c' '-mtune=generic' '-march=x86-64']
  ignore line: [Linking C executable cmTC_07668]
  ignore line: [/export/home/tkaprelian/Software/cmake/cmake-3.16.4-Linux-x86_64/bin/cmake -E cmake_link_script CMakeFiles/cmTC_07668.dir/link.txt --verbose=1]
  ignore line: [/usr/bin/cc     -v -rdynamic CMakeFiles/cmTC_07668.dir/CMakeCCompilerABI.c.o  -o cmTC_07668 ]
  ignore line: [Using built-in specs.]
  ignore line: [COLLECT_GCC=/usr/bin/cc]
  ignore line: [COLLECT_LTO_WRAPPER=/usr/lib64/gcc/x86_64-suse-linux/7/lto-wrapper]
  ignore line: [OFFLOAD_TARGET_NAMES=hsa:nvptx-none]
  ignore line: [Target: x86_64-suse-linux]
  ignore line: [Configured with: ../configure --prefix=/usr --infodir=/usr/share/info --mandir=/usr/share/man --libdir=/usr/lib64 --libexecdir=/usr/lib64 --enable-languages=c c++ objc fortran obj-c++ ada go --enable-offload-targets=hsa nvptx-none  --without-cuda-driver --enable-checking=release --disable-werror --with-gxx-include-dir=/usr/include/c++/7 --enable-ssp --disable-libssp --disable-libvtv --disable-libcc1 --disable-plugin --with-bugurl=https://bugs.opensuse.org/ --with-pkgversion='SUSE Linux' --with-slibdir=/lib64 --with-system-zlib --enable-libstdcxx-allocator=new --disable-libstdcxx-pch --enable-version-specific-runtime-libs --with-gcc-major-version-only --enable-linker-build-id --enable-linux-futex --enable-gnu-indirect-function --program-suffix=-7 --without-system-libunwind --enable-multilib --with-arch-32=x86-64 --with-tune=generic --build=x86_64-suse-linux --host=x86_64-suse-linux]
  ignore line: [Thread model: posix]
  ignore line: [gcc version 7.5.0 (SUSE Linux) ]
  ignore line: [COMPILER_PATH=/usr/lib64/gcc/x86_64-suse-linux/7/:/usr/lib64/gcc/x86_64-suse-linux/7/:/usr/lib64/gcc/x86_64-suse-linux/:/usr/lib64/gcc/x86_64-suse-linux/7/:/usr/lib64/gcc/x86_64-suse-linux/:/usr/lib64/gcc/x86_64-suse-linux/7/../../../../x86_64-suse-linux/bin/]
  ignore line: [LIBRARY_PATH=/usr/lib64/gcc/x86_64-suse-linux/7/:/usr/lib64/gcc/x86_64-suse-linux/7/../../../../lib64/:/lib/../lib64/:/usr/lib/../lib64/:/usr/lib64/gcc/x86_64-suse-linux/7/../../../../x86_64-suse-linux/lib/:/usr/lib64/gcc/x86_64-suse-linux/7/../../../:/lib/:/usr/lib/]
  ignore line: [COLLECT_GCC_OPTIONS='-v' '-rdynamic' '-o' 'cmTC_07668' '-mtune=generic' '-march=x86-64']
  link line: [ /usr/lib64/gcc/x86_64-suse-linux/7/collect2 -plugin /usr/lib64/gcc/x86_64-suse-linux/7/liblto_plugin.so -plugin-opt=/usr/lib64/gcc/x86_64-suse-linux/7/lto-wrapper -plugin-opt=-fresolution=/tmp/ccL2UpTk.res -plugin-opt=-pass-through=-lgcc -plugin-opt=-pass-through=-lgcc_s -plugin-opt=-pass-through=-lc -plugin-opt=-pass-through=-lgcc -plugin-opt=-pass-through=-lgcc_s --build-id --eh-frame-hdr -m elf_x86_64 -export-dynamic -dynamic-linker /lib64/ld-linux-x86-64.so.2 -o cmTC_07668 /usr/lib64/gcc/x86_64-suse-linux/7/../../../../lib64/crt1.o /usr/lib64/gcc/x86_64-suse-linux/7/../../../../lib64/crti.o /usr/lib64/gcc/x86_64-suse-linux/7/crtbegin.o -L/usr/lib64/gcc/x86_64-suse-linux/7 -L/usr/lib64/gcc/x86_64-suse-linux/7/../../../../lib64 -L/lib/../lib64 -L/usr/lib/../lib64 -L/usr/lib64/gcc/x86_64-suse-linux/7/../../../../x86_64-suse-linux/lib -L/usr/lib64/gcc/x86_64-suse-linux/7/../../.. CMakeFiles/cmTC_07668.dir/CMakeCCompilerABI.c.o -lgcc --as-needed -lgcc_s --no-as-needed -lc -lgcc --as-needed -lgcc_s --no-as-needed /usr/lib64/gcc/x86_64-suse-linux/7/crtend.o /usr/lib64/gcc/x86_64-suse-linux/7/../../../../lib64/crtn.o]
    arg [/usr/lib64/gcc/x86_64-suse-linux/7/collect2] ==> ignore
    arg [-plugin] ==> ignore
    arg [/usr/lib64/gcc/x86_64-suse-linux/7/liblto_plugin.so] ==> ignore
    arg [-plugin-opt=/usr/lib64/gcc/x86_64-suse-linux/7/lto-wrapper] ==> ignore
    arg [-plugin-opt=-fresolution=/tmp/ccL2UpTk.res] ==> ignore
    arg [-plugin-opt=-pass-through=-lgcc] ==> ignore
    arg [-plugin-opt=-pass-through=-lgcc_s] ==> ignore
    arg [-plugin-opt=-pass-through=-lc] ==> ignore
    arg [-plugin-opt=-pass-through=-lgcc] ==> ignore
    arg [-plugin-opt=-pass-through=-lgcc_s] ==> ignore
    arg [--build-id] ==> ignore
    arg [--eh-frame-hdr] ==> ignore
    arg [-m] ==> ignore
    arg [elf_x86_64] ==> ignore
    arg [-export-dynamic] ==> ignore
    arg [-dynamic-linker] ==> ignore
    arg [/lib64/ld-linux-x86-64.so.2] ==> ignore
    arg [-o] ==> ignore
    arg [cmTC_07668] ==> ignore
    arg [/usr/lib64/gcc/x86_64-suse-linux/7/../../../../lib64/crt1.o] ==> ignore
    arg [/usr/lib64/gcc/x86_64-suse-linux/7/../../../../lib64/crti.o] ==> ignore
    arg [/usr/lib64/gcc/x86_64-suse-linux/7/crtbegin.o] ==> ignore
    arg [-L/usr/lib64/gcc/x86_64-suse-linux/7] ==> dir [/usr/lib64/gcc/x86_64-suse-linux/7]
    arg [-L/usr/lib64/gcc/x86_64-suse-linux/7/../../../../lib64] ==> dir [/usr/lib64/gcc/x86_64-suse-linux/7/../../../../lib64]
    arg [-L/lib/../lib64] ==> dir [/lib/../lib64]
    arg [-L/usr/lib/../lib64] ==> dir [/usr/lib/../lib64]
    arg [-L/usr/lib64/gcc/x86_64-suse-linux/7/../../../../x86_64-suse-linux/lib] ==> dir [/usr/lib64/gcc/x86_64-suse-linux/7/../../../../x86_64-suse-linux/lib]
    arg [-L/usr/lib64/gcc/x86_64-suse-linux/7/../../..] ==> dir [/usr/lib64/gcc/x86_64-suse-linux/7/../../..]
    arg [CMakeFiles/cmTC_07668.dir/CMakeCCompilerABI.c.o] ==> ignore
    arg [-lgcc] ==> lib [gcc]
    arg [--as-needed] ==> ignore
    arg [-lgcc_s] ==> lib [gcc_s]
    arg [--no-as-needed] ==> ignore
    arg [-lc] ==> lib [c]
    arg [-lgcc] ==> lib [gcc]
    arg [--as-needed] ==> ignore
    arg [-lgcc_s] ==> lib [gcc_s]
    arg [--no-as-needed] ==> ignore
    arg [/usr/lib64/gcc/x86_64-suse-linux/7/crtend.o] ==> ignore
    arg [/usr/lib64/gcc/x86_64-suse-linux/7/../../../../lib64/crtn.o] ==> ignore
  collapse library dir [/usr/lib64/gcc/x86_64-suse-linux/7] ==> [/usr/lib64/gcc/x86_64-suse-linux/7]
  collapse library dir [/usr/lib64/gcc/x86_64-suse-linux/7/../../../../lib64] ==> [/usr/lib64]
  collapse library dir [/lib/../lib64] ==> [/lib64]
  collapse library dir [/usr/lib/../lib64] ==> [/usr/lib64]
  collapse library dir [/usr/lib64/gcc/x86_64-suse-linux/7/../../../../x86_64-suse-linux/lib] ==> [/usr/x86_64-suse-linux/lib]
  collapse library dir [/usr/lib64/gcc/x86_64-suse-linux/7/../../..] ==> [/usr/lib64]
  implicit libs: [gcc;gcc_s;c;gcc;gcc_s]
  implicit dirs: [/usr/lib64/gcc/x86_64-suse-linux/7;/usr/lib64;/lib64;/usr/x86_64-suse-linux/lib]
  implicit fwks: []


Determining if the CXX compiler works passed with the following output:
Change Dir: /export/home/tkaprelian/Software/GatePython/gam-g4/build/temp.linux-x86_64-3.9/CMakeFiles/CMakeTmp

Run Build Command(s):/usr/bin/gmake cmTC_90c1d/fast && /usr/bin/gmake -f CMakeFiles/cmTC_90c1d.dir/build.make CMakeFiles/cmTC_90c1d.dir/build
gmake[1]: Entering directory '/export/home/tkaprelian/Software/GatePython/gam-g4/build/temp.linux-x86_64-3.9/CMakeFiles/CMakeTmp'
Building CXX object CMakeFiles/cmTC_90c1d.dir/testCXXCompiler.cxx.o
/usr/bin/c++    -DVERSION_INFO=\"0.2.4\"    -o CMakeFiles/cmTC_90c1d.dir/testCXXCompiler.cxx.o -c /export/home/tkaprelian/Software/GatePython/gam-g4/build/temp.linux-x86_64-3.9/CMakeFiles/CMakeTmp/testCXXCompiler.cxx
Linking CXX executable cmTC_90c1d
/export/home/tkaprelian/Software/cmake/cmake-3.16.4-Linux-x86_64/bin/cmake -E cmake_link_script CMakeFiles/cmTC_90c1d.dir/link.txt --verbose=1
/usr/bin/c++  -DVERSION_INFO=\"0.2.4\"     -rdynamic CMakeFiles/cmTC_90c1d.dir/testCXXCompiler.cxx.o  -o cmTC_90c1d 
gmake[1]: Leaving directory '/export/home/tkaprelian/Software/GatePython/gam-g4/build/temp.linux-x86_64-3.9/CMakeFiles/CMakeTmp'



Detecting CXX compiler ABI info compiled with the following output:
Change Dir: /export/home/tkaprelian/Software/GatePython/gam-g4/build/temp.linux-x86_64-3.9/CMakeFiles/CMakeTmp

Run Build Command(s):/usr/bin/gmake cmTC_0e408/fast && /usr/bin/gmake -f CMakeFiles/cmTC_0e408.dir/build.make CMakeFiles/cmTC_0e408.dir/build
gmake[1]: Entering directory '/export/home/tkaprelian/Software/GatePython/gam-g4/build/temp.linux-x86_64-3.9/CMakeFiles/CMakeTmp'
Building CXX object CMakeFiles/cmTC_0e408.dir/CMakeCXXCompilerABI.cpp.o
/usr/bin/c++    -DVERSION_INFO=\"0.2.4\"    -v -o CMakeFiles/cmTC_0e408.dir/CMakeCXXCompilerABI.cpp.o -c /export/home/tkaprelian/Software/cmake/cmake-3.16.4-Linux-x86_64/share/cmake-3.16/Modules/CMakeCXXCompilerABI.cpp
Using built-in specs.
COLLECT_GCC=/usr/bin/c++
OFFLOAD_TARGET_NAMES=hsa:nvptx-none
Target: x86_64-suse-linux
Configured with: ../configure --prefix=/usr --infodir=/usr/share/info --mandir=/usr/share/man --libdir=/usr/lib64 --libexecdir=/usr/lib64 --enable-languages=c,c++,objc,fortran,obj-c++,ada,go --enable-offload-targets=hsa,nvptx-none, --without-cuda-driver --enable-checking=release --disable-werror --with-gxx-include-dir=/usr/include/c++/7 --enable-ssp --disable-libssp --disable-libvtv --disable-libcc1 --disable-plugin --with-bugurl=https://bugs.opensuse.org/ --with-pkgversion='SUSE Linux' --with-slibdir=/lib64 --with-system-zlib --enable-libstdcxx-allocator=new --disable-libstdcxx-pch --enable-version-specific-runtime-libs --with-gcc-major-version-only --enable-linker-build-id --enable-linux-futex --enable-gnu-indirect-function --program-suffix=-7 --without-system-libunwind --enable-multilib --with-arch-32=x86-64 --with-tune=generic --build=x86_64-suse-linux --host=x86_64-suse-linux
Thread model: posix
gcc version 7.5.0 (SUSE Linux) 
COLLECT_GCC_OPTIONS='-D' 'VERSION_INFO="0.2.4"' '-v' '-o' 'CMakeFiles/cmTC_0e408.dir/CMakeCXXCompilerABI.cpp.o' '-c' '-shared-libgcc' '-mtune=generic' '-march=x86-64'
 /usr/lib64/gcc/x86_64-suse-linux/7/cc1plus -quiet -v -D_GNU_SOURCE -D VERSION_INFO="0.2.4" /export/home/tkaprelian/Software/cmake/cmake-3.16.4-Linux-x86_64/share/cmake-3.16/Modules/CMakeCXXCompilerABI.cpp -quiet -dumpbase CMakeCXXCompilerABI.cpp -mtune=generic -march=x86-64 -auxbase-strip CMakeFiles/cmTC_0e408.dir/CMakeCXXCompilerABI.cpp.o -version -o /tmp/ccmtYZlA.s
GNU C++14 (SUSE Linux) version 7.5.0 (x86_64-suse-linux)
	compiled by GNU C version 7.5.0, GMP version 6.1.2, MPFR version 4.0.1, MPC version 1.1.0, isl version isl-0.18-GMP

warning: MPFR header version 4.0.1 differs from library version 4.0.2-p6.
GGC heuristics: --param ggc-min-expand=100 --param ggc-min-heapsize=131072
#include "..." search starts here:
#include <...> search starts here:
 /usr/include/c++/7
 /usr/include/c++/7/x86_64-suse-linux
 /usr/include/c++/7/backward
 /usr/lib64/gcc/x86_64-suse-linux/7/include
 /usr/local/include
 /usr/lib64/gcc/x86_64-suse-linux/7/include-fixed
 /usr/lib64/gcc/x86_64-suse-linux/7/../../../../x86_64-suse-linux/include
 /usr/include
End of search list.
GNU C++14 (SUSE Linux) version 7.5.0 (x86_64-suse-linux)
	compiled by GNU C version 7.5.0, GMP version 6.1.2, MPFR version 4.0.1, MPC version 1.1.0, isl version isl-0.18-GMP

warning: MPFR header version 4.0.1 differs from library version 4.0.2-p6.
GGC heuristics: --param ggc-min-expand=100 --param ggc-min-heapsize=131072
Compiler executable checksum: e161586395e72ad1ce671a439f4b85b9
COLLECT_GCC_OPTIONS='-D' 'VERSION_INFO="0.2.4"' '-v' '-o' 'CMakeFiles/cmTC_0e408.dir/CMakeCXXCompilerABI.cpp.o' '-c' '-shared-libgcc' '-mtune=generic' '-march=x86-64'
 /usr/lib64/gcc/x86_64-suse-linux/7/../../../../x86_64-suse-linux/bin/as -v --64 -o CMakeFiles/cmTC_0e408.dir/CMakeCXXCompilerABI.cpp.o /tmp/ccmtYZlA.s
GNU assembler version 2.35.1 (x86_64-suse-linux) using BFD version (GNU Binutils; SUSE Linux Enterprise 15) 2.35.1.20201123-7.18
COMPILER_PATH=/usr/lib64/gcc/x86_64-suse-linux/7/:/usr/lib64/gcc/x86_64-suse-linux/7/:/usr/lib64/gcc/x86_64-suse-linux/:/usr/lib64/gcc/x86_64-suse-linux/7/:/usr/lib64/gcc/x86_64-suse-linux/:/usr/lib64/gcc/x86_64-suse-linux/7/../../../../x86_64-suse-linux/bin/
LIBRARY_PATH=/usr/lib64/gcc/x86_64-suse-linux/7/:/usr/lib64/gcc/x86_64-suse-linux/7/../../../../lib64/:/lib/../lib64/:/usr/lib/../lib64/:/usr/lib64/gcc/x86_64-suse-linux/7/../../../../x86_64-suse-linux/lib/:/usr/lib64/gcc/x86_64-suse-linux/7/../../../:/lib/:/usr/lib/
COLLECT_GCC_OPTIONS='-D' 'VERSION_INFO="0.2.4"' '-v' '-o' 'CMakeFiles/cmTC_0e408.dir/CMakeCXXCompilerABI.cpp.o' '-c' '-shared-libgcc' '-mtune=generic' '-march=x86-64'
Linking CXX executable cmTC_0e408
/export/home/tkaprelian/Software/cmake/cmake-3.16.4-Linux-x86_64/bin/cmake -E cmake_link_script CMakeFiles/cmTC_0e408.dir/link.txt --verbose=1
/usr/bin/c++  -DVERSION_INFO=\"0.2.4\"    -v -rdynamic CMakeFiles/cmTC_0e408.dir/CMakeCXXCompilerABI.cpp.o  -o cmTC_0e408 
Using built-in specs.
COLLECT_GCC=/usr/bin/c++
COLLECT_LTO_WRAPPER=/usr/lib64/gcc/x86_64-suse-linux/7/lto-wrapper
OFFLOAD_TARGET_NAMES=hsa:nvptx-none
Target: x86_64-suse-linux
Configured with: ../configure --prefix=/usr --infodir=/usr/share/info --mandir=/usr/share/man --libdir=/usr/lib64 --libexecdir=/usr/lib64 --enable-languages=c,c++,objc,fortran,obj-c++,ada,go --enable-offload-targets=hsa,nvptx-none, --without-cuda-driver --enable-checking=release --disable-werror --with-gxx-include-dir=/usr/include/c++/7 --enable-ssp --disable-libssp --disable-libvtv --disable-libcc1 --disable-plugin --with-bugurl=https://bugs.opensuse.org/ --with-pkgversion='SUSE Linux' --with-slibdir=/lib64 --with-system-zlib --enable-libstdcxx-allocator=new --disable-libstdcxx-pch --enable-version-specific-runtime-libs --with-gcc-major-version-only --enable-linker-build-id --enable-linux-futex --enable-gnu-indirect-function --program-suffix=-7 --without-system-libunwind --enable-multilib --with-arch-32=x86-64 --with-tune=generic --build=x86_64-suse-linux --host=x86_64-suse-linux
Thread model: posix
gcc version 7.5.0 (SUSE Linux) 
COMPILER_PATH=/usr/lib64/gcc/x86_64-suse-linux/7/:/usr/lib64/gcc/x86_64-suse-linux/7/:/usr/lib64/gcc/x86_64-suse-linux/:/usr/lib64/gcc/x86_64-suse-linux/7/:/usr/lib64/gcc/x86_64-suse-linux/:/usr/lib64/gcc/x86_64-suse-linux/7/../../../../x86_64-suse-linux/bin/
LIBRARY_PATH=/usr/lib64/gcc/x86_64-suse-linux/7/:/usr/lib64/gcc/x86_64-suse-linux/7/../../../../lib64/:/lib/../lib64/:/usr/lib/../lib64/:/usr/lib64/gcc/x86_64-suse-linux/7/../../../../x86_64-suse-linux/lib/:/usr/lib64/gcc/x86_64-suse-linux/7/../../../:/lib/:/usr/lib/
COLLECT_GCC_OPTIONS='-D' 'VERSION_INFO="0.2.4"' '-v' '-rdynamic' '-o' 'cmTC_0e408' '-shared-libgcc' '-mtune=generic' '-march=x86-64'
 /usr/lib64/gcc/x86_64-suse-linux/7/collect2 -plugin /usr/lib64/gcc/x86_64-suse-linux/7/liblto_plugin.so -plugin-opt=/usr/lib64/gcc/x86_64-suse-linux/7/lto-wrapper -plugin-opt=-fresolution=/tmp/cc2DCnkY.res -plugin-opt=-pass-through=-lgcc_s -plugin-opt=-pass-through=-lgcc -plugin-opt=-pass-through=-lc -plugin-opt=-pass-through=-lgcc_s -plugin-opt=-pass-through=-lgcc --build-id --eh-frame-hdr -m elf_x86_64 -export-dynamic -dynamic-linker /lib64/ld-linux-x86-64.so.2 -o cmTC_0e408 /usr/lib64/gcc/x86_64-suse-linux/7/../../../../lib64/crt1.o /usr/lib64/gcc/x86_64-suse-linux/7/../../../../lib64/crti.o /usr/lib64/gcc/x86_64-suse-linux/7/crtbegin.o -L/usr/lib64/gcc/x86_64-suse-linux/7 -L/usr/lib64/gcc/x86_64-suse-linux/7/../../../../lib64 -L/lib/../lib64 -L/usr/lib/../lib64 -L/usr/lib64/gcc/x86_64-suse-linux/7/../../../../x86_64-suse-linux/lib -L/usr/lib64/gcc/x86_64-suse-linux/7/../../.. CMakeFiles/cmTC_0e408.dir/CMakeCXXCompilerABI.cpp.o -lstdc++ -lm -lgcc_s -lgcc -lc -lgcc_s -lgcc /usr/lib64/gcc/x86_64-suse-linux/7/crtend.o /usr/lib64/gcc/x86_64-suse-linux/7/../../../../lib64/crtn.o
COLLECT_GCC_OPTIONS='-D' 'VERSION_INFO="0.2.4"' '-v' '-rdynamic' '-o' 'cmTC_0e408' '-shared-libgcc' '-mtune=generic' '-march=x86-64'
gmake[1]: Leaving directory '/export/home/tkaprelian/Software/GatePython/gam-g4/build/temp.linux-x86_64-3.9/CMakeFiles/CMakeTmp'



Parsed CXX implicit include dir info from above output: rv=done
  found start of include info
  found start of implicit include info
    add: [/usr/include/c++/7]
    add: [/usr/include/c++/7/x86_64-suse-linux]
    add: [/usr/include/c++/7/backward]
    add: [/usr/lib64/gcc/x86_64-suse-linux/7/include]
    add: [/usr/local/include]
    add: [/usr/lib64/gcc/x86_64-suse-linux/7/include-fixed]
    add: [/usr/lib64/gcc/x86_64-suse-linux/7/../../../../x86_64-suse-linux/include]
    add: [/usr/include]
  end of search list found
  collapse include dir [/usr/include/c++/7] ==> [/usr/include/c++/7]
  collapse include dir [/usr/include/c++/7/x86_64-suse-linux] ==> [/usr/include/c++/7/x86_64-suse-linux]
  collapse include dir [/usr/include/c++/7/backward] ==> [/usr/include/c++/7/backward]
  collapse include dir [/usr/lib64/gcc/x86_64-suse-linux/7/include] ==> [/usr/lib64/gcc/x86_64-suse-linux/7/include]
  collapse include dir [/usr/local/include] ==> [/usr/local/include]
  collapse include dir [/usr/lib64/gcc/x86_64-suse-linux/7/include-fixed] ==> [/usr/lib64/gcc/x86_64-suse-linux/7/include-fixed]
  collapse include dir [/usr/lib64/gcc/x86_64-suse-linux/7/../../../../x86_64-suse-linux/include] ==> [/usr/x86_64-suse-linux/include]
  collapse include dir [/usr/include] ==> [/usr/include]
  implicit include dirs: [/usr/include/c++/7;/usr/include/c++/7/x86_64-suse-linux;/usr/include/c++/7/backward;/usr/lib64/gcc/x86_64-suse-linux/7/include;/usr/local/include;/usr/lib64/gcc/x86_64-suse-linux/7/include-fixed;/usr/x86_64-suse-linux/include;/usr/include]


Parsed CXX implicit link information from above output:
  link line regex: [^( *|.*[/\])(ld|CMAKE_LINK_STARTFILE-NOTFOUND|([^/\]+-)?ld|collect2)[^/\]*( |$)]
  ignore line: [Change Dir: /export/home/tkaprelian/Software/GatePython/gam-g4/build/temp.linux-x86_64-3.9/CMakeFiles/CMakeTmp]
  ignore line: []
  ignore line: [Run Build Command(s):/usr/bin/gmake cmTC_0e408/fast && /usr/bin/gmake -f CMakeFiles/cmTC_0e408.dir/build.make CMakeFiles/cmTC_0e408.dir/build]
  ignore line: [gmake[1]: Entering directory '/export/home/tkaprelian/Software/GatePython/gam-g4/build/temp.linux-x86_64-3.9/CMakeFiles/CMakeTmp']
  ignore line: [Building CXX object CMakeFiles/cmTC_0e408.dir/CMakeCXXCompilerABI.cpp.o]
  ignore line: [/usr/bin/c++    -DVERSION_INFO=\"0.2.4\"    -v -o CMakeFiles/cmTC_0e408.dir/CMakeCXXCompilerABI.cpp.o -c /export/home/tkaprelian/Software/cmake/cmake-3.16.4-Linux-x86_64/share/cmake-3.16/Modules/CMakeCXXCompilerABI.cpp]
  ignore line: [Using built-in specs.]
  ignore line: [COLLECT_GCC=/usr/bin/c++]
  ignore line: [OFFLOAD_TARGET_NAMES=hsa:nvptx-none]
  ignore line: [Target: x86_64-suse-linux]
  ignore line: [Configured with: ../configure --prefix=/usr --infodir=/usr/share/info --mandir=/usr/share/man --libdir=/usr/lib64 --libexecdir=/usr/lib64 --enable-languages=c c++ objc fortran obj-c++ ada go --enable-offload-targets=hsa nvptx-none  --without-cuda-driver --enable-checking=release --disable-werror --with-gxx-include-dir=/usr/include/c++/7 --enable-ssp --disable-libssp --disable-libvtv --disable-libcc1 --disable-plugin --with-bugurl=https://bugs.opensuse.org/ --with-pkgversion='SUSE Linux' --with-slibdir=/lib64 --with-system-zlib --enable-libstdcxx-allocator=new --disable-libstdcxx-pch --enable-version-specific-runtime-libs --with-gcc-major-version-only --enable-linker-build-id --enable-linux-futex --enable-gnu-indirect-function --program-suffix=-7 --without-system-libunwind --enable-multilib --with-arch-32=x86-64 --with-tune=generic --build=x86_64-suse-linux --host=x86_64-suse-linux]
  ignore line: [Thread model: posix]
  ignore line: [gcc version 7.5.0 (SUSE Linux) ]
  ignore line: [COLLECT_GCC_OPTIONS='-D' 'VERSION_INFO="0.2.4"' '-v' '-o' 'CMakeFiles/cmTC_0e408.dir/CMakeCXXCompilerABI.cpp.o' '-c' '-shared-libgcc' '-mtune=generic' '-march=x86-64']
  ignore line: [ /usr/lib64/gcc/x86_64-suse-linux/7/cc1plus -quiet -v -D_GNU_SOURCE -D VERSION_INFO="0.2.4" /export/home/tkaprelian/Software/cmake/cmake-3.16.4-Linux-x86_64/share/cmake-3.16/Modules/CMakeCXXCompilerABI.cpp -quiet -dumpbase CMakeCXXCompilerABI.cpp -mtune=generic -march=x86-64 -auxbase-strip CMakeFiles/cmTC_0e408.dir/CMakeCXXCompilerABI.cpp.o -version -o /tmp/ccmtYZlA.s]
  ignore line: [GNU C++14 (SUSE Linux) version 7.5.0 (x86_64-suse-linux)]
  ignore line: [	compiled by GNU C version 7.5.0  GMP version 6.1.2  MPFR version 4.0.1  MPC version 1.1.0  isl version isl-0.18-GMP]
  ignore line: []
  ignore line: [warning: MPFR header version 4.0.1 differs from library version 4.0.2-p6.]
  ignore line: [GGC heuristics: --param ggc-min-expand=100 --param ggc-min-heapsize=131072]
  ignore line: [#include "..." search starts here:]
  ignore line: [#include <...> search starts here:]
  ignore line: [ /usr/include/c++/7]
  ignore line: [ /usr/include/c++/7/x86_64-suse-linux]
  ignore line: [ /usr/include/c++/7/backward]
  ignore line: [ /usr/lib64/gcc/x86_64-suse-linux/7/include]
  ignore line: [ /usr/local/include]
  ignore line: [ /usr/lib64/gcc/x86_64-suse-linux/7/include-fixed]
  ignore line: [ /usr/lib64/gcc/x86_64-suse-linux/7/../../../../x86_64-suse-linux/include]
  ignore line: [ /usr/include]
  ignore line: [End of search list.]
  ignore line: [GNU C++14 (SUSE Linux) version 7.5.0 (x86_64-suse-linux)]
  ignore line: [	compiled by GNU C version 7.5.0  GMP version 6.1.2  MPFR version 4.0.1  MPC version 1.1.0  isl version isl-0.18-GMP]
  ignore line: []
  ignore line: [warning: MPFR header version 4.0.1 differs from library version 4.0.2-p6.]
  ignore line: [GGC heuristics: --param ggc-min-expand=100 --param ggc-min-heapsize=131072]
  ignore line: [Compiler executable checksum: e161586395e72ad1ce671a439f4b85b9]
  ignore line: [COLLECT_GCC_OPTIONS='-D' 'VERSION_INFO="0.2.4"' '-v' '-o' 'CMakeFiles/cmTC_0e408.dir/CMakeCXXCompilerABI.cpp.o' '-c' '-shared-libgcc' '-mtune=generic' '-march=x86-64']
  ignore line: [ /usr/lib64/gcc/x86_64-suse-linux/7/../../../../x86_64-suse-linux/bin/as -v --64 -o CMakeFiles/cmTC_0e408.dir/CMakeCXXCompilerABI.cpp.o /tmp/ccmtYZlA.s]
  ignore line: [GNU assembler version 2.35.1 (x86_64-suse-linux) using BFD version (GNU Binutils]
  ignore line: [ SUSE Linux Enterprise 15) 2.35.1.20201123-7.18]
  ignore line: [COMPILER_PATH=/usr/lib64/gcc/x86_64-suse-linux/7/:/usr/lib64/gcc/x86_64-suse-linux/7/:/usr/lib64/gcc/x86_64-suse-linux/:/usr/lib64/gcc/x86_64-suse-linux/7/:/usr/lib64/gcc/x86_64-suse-linux/:/usr/lib64/gcc/x86_64-suse-linux/7/../../../../x86_64-suse-linux/bin/]
  ignore line: [LIBRARY_PATH=/usr/lib64/gcc/x86_64-suse-linux/7/:/usr/lib64/gcc/x86_64-suse-linux/7/../../../../lib64/:/lib/../lib64/:/usr/lib/../lib64/:/usr/lib64/gcc/x86_64-suse-linux/7/../../../../x86_64-suse-linux/lib/:/usr/lib64/gcc/x86_64-suse-linux/7/../../../:/lib/:/usr/lib/]
  ignore line: [COLLECT_GCC_OPTIONS='-D' 'VERSION_INFO="0.2.4"' '-v' '-o' 'CMakeFiles/cmTC_0e408.dir/CMakeCXXCompilerABI.cpp.o' '-c' '-shared-libgcc' '-mtune=generic' '-march=x86-64']
  ignore line: [Linking CXX executable cmTC_0e408]
  ignore line: [/export/home/tkaprelian/Software/cmake/cmake-3.16.4-Linux-x86_64/bin/cmake -E cmake_link_script CMakeFiles/cmTC_0e408.dir/link.txt --verbose=1]
  ignore line: [/usr/bin/c++  -DVERSION_INFO=\"0.2.4\"    -v -rdynamic CMakeFiles/cmTC_0e408.dir/CMakeCXXCompilerABI.cpp.o  -o cmTC_0e408 ]
  ignore line: [Using built-in specs.]
  ignore line: [COLLECT_GCC=/usr/bin/c++]
  ignore line: [COLLECT_LTO_WRAPPER=/usr/lib64/gcc/x86_64-suse-linux/7/lto-wrapper]
  ignore line: [OFFLOAD_TARGET_NAMES=hsa:nvptx-none]
  ignore line: [Target: x86_64-suse-linux]
  ignore line: [Configured with: ../configure --prefix=/usr --infodir=/usr/share/info --mandir=/usr/share/man --libdir=/usr/lib64 --libexecdir=/usr/lib64 --enable-languages=c c++ objc fortran obj-c++ ada go --enable-offload-targets=hsa nvptx-none  --without-cuda-driver --enable-checking=release --disable-werror --with-gxx-include-dir=/usr/include/c++/7 --enable-ssp --disable-libssp --disable-libvtv --disable-libcc1 --disable-plugin --with-bugurl=https://bugs.opensuse.org/ --with-pkgversion='SUSE Linux' --with-slibdir=/lib64 --with-system-zlib --enable-libstdcxx-allocator=new --disable-libstdcxx-pch --enable-version-specific-runtime-libs --with-gcc-major-version-only --enable-linker-build-id --enable-linux-futex --enable-gnu-indirect-function --program-suffix=-7 --without-system-libunwind --enable-multilib --with-arch-32=x86-64 --with-tune=generic --build=x86_64-suse-linux --host=x86_64-suse-linux]
  ignore line: [Thread model: posix]
  ignore line: [gcc version 7.5.0 (SUSE Linux) ]
  ignore line: [COMPILER_PATH=/usr/lib64/gcc/x86_64-suse-linux/7/:/usr/lib64/gcc/x86_64-suse-linux/7/:/usr/lib64/gcc/x86_64-suse-linux/:/usr/lib64/gcc/x86_64-suse-linux/7/:/usr/lib64/gcc/x86_64-suse-linux/:/usr/lib64/gcc/x86_64-suse-linux/7/../../../../x86_64-suse-linux/bin/]
  ignore line: [LIBRARY_PATH=/usr/lib64/gcc/x86_64-suse-linux/7/:/usr/lib64/gcc/x86_64-suse-linux/7/../../../../lib64/:/lib/../lib64/:/usr/lib/../lib64/:/usr/lib64/gcc/x86_64-suse-linux/7/../../../../x86_64-suse-linux/lib/:/usr/lib64/gcc/x86_64-suse-linux/7/../../../:/lib/:/usr/lib/]
  ignore line: [COLLECT_GCC_OPTIONS='-D' 'VERSION_INFO="0.2.4"' '-v' '-rdynamic' '-o' 'cmTC_0e408' '-shared-libgcc' '-mtune=generic' '-march=x86-64']
  link line: [ /usr/lib64/gcc/x86_64-suse-linux/7/collect2 -plugin /usr/lib64/gcc/x86_64-suse-linux/7/liblto_plugin.so -plugin-opt=/usr/lib64/gcc/x86_64-suse-linux/7/lto-wrapper -plugin-opt=-fresolution=/tmp/cc2DCnkY.res -plugin-opt=-pass-through=-lgcc_s -plugin-opt=-pass-through=-lgcc -plugin-opt=-pass-through=-lc -plugin-opt=-pass-through=-lgcc_s -plugin-opt=-pass-through=-lgcc --build-id --eh-frame-hdr -m elf_x86_64 -export-dynamic -dynamic-linker /lib64/ld-linux-x86-64.so.2 -o cmTC_0e408 /usr/lib64/gcc/x86_64-suse-linux/7/../../../../lib64/crt1.o /usr/lib64/gcc/x86_64-suse-linux/7/../../../../lib64/crti.o /usr/lib64/gcc/x86_64-suse-linux/7/crtbegin.o -L/usr/lib64/gcc/x86_64-suse-linux/7 -L/usr/lib64/gcc/x86_64-suse-linux/7/../../../../lib64 -L/lib/../lib64 -L/usr/lib/../lib64 -L/usr/lib64/gcc/x86_64-suse-linux/7/../../../../x86_64-suse-linux/lib -L/usr/lib64/gcc/x86_64-suse-linux/7/../../.. CMakeFiles/cmTC_0e408.dir/CMakeCXXCompilerABI.cpp.o -lstdc++ -lm -lgcc_s -lgcc -lc -lgcc_s -lgcc /usr/lib64/gcc/x86_64-suse-linux/7/crtend.o /usr/lib64/gcc/x86_64-suse-linux/7/../../../../lib64/crtn.o]
    arg [/usr/lib64/gcc/x86_64-suse-linux/7/collect2] ==> ignore
    arg [-plugin] ==> ignore
    arg [/usr/lib64/gcc/x86_64-suse-linux/7/liblto_plugin.so] ==> ignore
    arg [-plugin-opt=/usr/lib64/gcc/x86_64-suse-linux/7/lto-wrapper] ==> ignore
    arg [-plugin-opt=-fresolution=/tmp/cc2DCnkY.res] ==> ignore
    arg [-plugin-opt=-pass-through=-lgcc_s] ==> ignore
    arg [-plugin-opt=-pass-through=-lgcc] ==> ignore
    arg [-plugin-opt=-pass-through=-lc] ==> ignore
    arg [-plugin-opt=-pass-through=-lgcc_s] ==> ignore
    arg [-plugin-opt=-pass-through=-lgcc] ==> ignore
    arg [--build-id] ==> ignore
    arg [--eh-frame-hdr] ==> ignore
    arg [-m] ==> ignore
    arg [elf_x86_64] ==> ignore
    arg [-export-dynamic] ==> ignore
    arg [-dynamic-linker] ==> ignore
    arg [/lib64/ld-linux-x86-64.so.2] ==> ignore
    arg [-o] ==> ignore
    arg [cmTC_0e408] ==> ignore
    arg [/usr/lib64/gcc/x86_64-suse-linux/7/../../../../lib64/crt1.o] ==> ignore
    arg [/usr/lib64/gcc/x86_64-suse-linux/7/../../../../lib64/crti.o] ==> ignore
    arg [/usr/lib64/gcc/x86_64-suse-linux/7/crtbegin.o] ==> ignore
    arg [-L/usr/lib64/gcc/x86_64-suse-linux/7] ==> dir [/usr/lib64/gcc/x86_64-suse-linux/7]
    arg [-L/usr/lib64/gcc/x86_64-suse-linux/7/../../../../lib64] ==> dir [/usr/lib64/gcc/x86_64-suse-linux/7/../../../../lib64]
    arg [-L/lib/../lib64] ==> dir [/lib/../lib64]
    arg [-L/usr/lib/../lib64] ==> dir [/usr/lib/../lib64]
    arg [-L/usr/lib64/gcc/x86_64-suse-linux/7/../../../../x86_64-suse-linux/lib] ==> dir [/usr/lib64/gcc/x86_64-suse-linux/7/../../../../x86_64-suse-linux/lib]
    arg [-L/usr/lib64/gcc/x86_64-suse-linux/7/../../..] ==> dir [/usr/lib64/gcc/x86_64-suse-linux/7/../../..]
    arg [CMakeFiles/cmTC_0e408.dir/CMakeCXXCompilerABI.cpp.o] ==> ignore
    arg [-lstdc++] ==> lib [stdc++]
    arg [-lm] ==> lib [m]
    arg [-lgcc_s] ==> lib [gcc_s]
    arg [-lgcc] ==> lib [gcc]
    arg [-lc] ==> lib [c]
    arg [-lgcc_s] ==> lib [gcc_s]
    arg [-lgcc] ==> lib [gcc]
    arg [/usr/lib64/gcc/x86_64-suse-linux/7/crtend.o] ==> ignore
    arg [/usr/lib64/gcc/x86_64-suse-linux/7/../../../../lib64/crtn.o] ==> ignore
  collapse library dir [/usr/lib64/gcc/x86_64-suse-linux/7] ==> [/usr/lib64/gcc/x86_64-suse-linux/7]
  collapse library dir [/usr/lib64/gcc/x86_64-suse-linux/7/../../../../lib64] ==> [/usr/lib64]
  collapse library dir [/lib/../lib64] ==> [/lib64]
  collapse library dir [/usr/lib/../lib64] ==> [/usr/lib64]
  collapse library dir [/usr/lib64/gcc/x86_64-suse-linux/7/../../../../x86_64-suse-linux/lib] ==> [/usr/x86_64-suse-linux/lib]
  collapse library dir [/usr/lib64/gcc/x86_64-suse-linux/7/../../..] ==> [/usr/lib64]
  implicit libs: [stdc++;m;gcc_s;gcc;c;gcc_s;gcc]
  implicit dirs: [/usr/lib64/gcc/x86_64-suse-linux/7;/usr/lib64;/lib64;/usr/x86_64-suse-linux/lib]
  implicit fwks: []


Determining if the include file pthread.h exists passed with the following output:
Change Dir: /export/home/tkaprelian/Software/GatePython/gam-g4/build/temp.linux-x86_64-3.9/CMakeFiles/CMakeTmp

Run Build Command(s):/usr/bin/gmake cmTC_344db/fast && /usr/bin/gmake -f CMakeFiles/cmTC_344db.dir/build.make CMakeFiles/cmTC_344db.dir/build
gmake[1]: Entering directory '/export/home/tkaprelian/Software/GatePython/gam-g4/build/temp.linux-x86_64-3.9/CMakeFiles/CMakeTmp'
Building C object CMakeFiles/cmTC_344db.dir/CheckIncludeFile.c.o
/usr/bin/cc    -o CMakeFiles/cmTC_344db.dir/CheckIncludeFile.c.o   -c /export/home/tkaprelian/Software/GatePython/gam-g4/build/temp.linux-x86_64-3.9/CMakeFiles/CMakeTmp/CheckIncludeFile.c
Linking C executable cmTC_344db
/export/home/tkaprelian/Software/cmake/cmake-3.16.4-Linux-x86_64/bin/cmake -E cmake_link_script CMakeFiles/cmTC_344db.dir/link.txt --verbose=1
/usr/bin/cc      CMakeFiles/cmTC_344db.dir/CheckIncludeFile.c.o  -o cmTC_344db 
gmake[1]: Leaving directory '/export/home/tkaprelian/Software/GatePython/gam-g4/build/temp.linux-x86_64-3.9/CMakeFiles/CMakeTmp'



Performing C++ SOURCE FILE Test HAS_FLTO succeeded with the following output:
Change Dir: /export/home/tkaprelian/Software/GatePython/gam-g4/build/temp.linux-x86_64-3.9/CMakeFiles/CMakeTmp

Run Build Command(s):/usr/bin/gmake cmTC_dcf16/fast && /usr/bin/gmake -f CMakeFiles/cmTC_dcf16.dir/build.make CMakeFiles/cmTC_dcf16.dir/build
gmake[1]: Entering directory '/export/home/tkaprelian/Software/GatePython/gam-g4/build/temp.linux-x86_64-3.9/CMakeFiles/CMakeTmp'
Building CXX object CMakeFiles/cmTC_dcf16.dir/src.cxx.o
/usr/bin/c++    -W -Wall -pedantic -Wno-non-virtual-dtor -Wno-long-long -Wwrite-strings -Wpointer-arith -Woverloaded-virtual -Wno-variadic-macros -Wshadow -pipe -pthread -ftls-model=initial-exec -std=c++11 -DVERSION_INFO=\"0.2.4\" -DHAS_FLTO   -flto -fno-fat-lto-objects -std=gnu++1z -o CMakeFiles/cmTC_dcf16.dir/src.cxx.o -c /export/home/tkaprelian/Software/GatePython/gam-g4/build/temp.linux-x86_64-3.9/CMakeFiles/CMakeTmp/src.cxx
Linking CXX executable cmTC_dcf16
/export/home/tkaprelian/Software/cmake/cmake-3.16.4-Linux-x86_64/bin/cmake -E cmake_link_script CMakeFiles/cmTC_dcf16.dir/link.txt --verbose=1
/usr/bin/c++  -W -Wall -pedantic -Wno-non-virtual-dtor -Wno-long-long -Wwrite-strings -Wpointer-arith -Woverloaded-virtual -Wno-variadic-macros -Wshadow -pipe -pthread -ftls-model=initial-exec -std=c++11 -DVERSION_INFO=\"0.2.4\" -DHAS_FLTO     CMakeFiles/cmTC_dcf16.dir/src.cxx.o  -o cmTC_dcf16  -flto 
gmake[1]: Leaving directory '/export/home/tkaprelian/Software/GatePython/gam-g4/build/temp.linux-x86_64-3.9/CMakeFiles/CMakeTmp'


Source file was:
int main() { return 0; }
Performing C++ SOURCE FILE Test has_std_17_flag succeeded with the following output:
Change Dir: /export/home/tkaprelian/Software/GatePython/gam-g4/build/temp.linux-x86_64-3.9/CMakeFiles/CMakeTmp

Run Build Command(s):/usr/bin/gmake cmTC_387f0/fast && /usr/bin/gmake -f CMakeFiles/cmTC_387f0.dir/build.make CMakeFiles/cmTC_387f0.dir/build
gmake[1]: Entering directory '/export/home/tkaprelian/Software/GatePython/gam-g4/build/temp.linux-x86_64-3.9/CMakeFiles/CMakeTmp'
Building CXX object CMakeFiles/cmTC_387f0.dir/src.cxx.o
/usr/bin/c++    -W -Wall -pedantic -Wno-non-virtual-dtor -Wno-long-long -Wwrite-strings -Wpointer-arith -Woverloaded-virtual -Wno-variadic-macros -Wshadow -pipe -pthread -ftls-model=initial-exec -std=c++11 -DVERSION_INFO=\"0.2.4\"  -msse2 -Dhas_std_17_flag   -std=c++17 -std=gnu++1z -o CMakeFiles/cmTC_387f0.dir/src.cxx.o -c /export/home/tkaprelian/Software/GatePython/gam-g4/build/temp.linux-x86_64-3.9/CMakeFiles/CMakeTmp/src.cxx
Linking CXX executable cmTC_387f0
/export/home/tkaprelian/Software/cmake/cmake-3.16.4-Linux-x86_64/bin/cmake -E cmake_link_script CMakeFiles/cmTC_387f0.dir/link.txt --verbose=1
/usr/bin/c++  -W -Wall -pedantic -Wno-non-virtual-dtor -Wno-long-long -Wwrite-strings -Wpointer-arith -Woverloaded-virtual -Wno-variadic-macros -Wshadow -pipe -pthread -ftls-model=initial-exec -std=c++11 -DVERSION_INFO=\"0.2.4\"  -msse2 -Dhas_std_17_flag      CMakeFiles/cmTC_387f0.dir/src.cxx.o  -o cmTC_387f0 
gmake[1]: Leaving directory '/export/home/tkaprelian/Software/GatePython/gam-g4/build/temp.linux-x86_64-3.9/CMakeFiles/CMakeTmp'


Source file was:
int main() { return 0; }
Performing C++ SOURCE FILE Test has_std_1z_flag succeeded with the following output:
Change Dir: /export/home/tkaprelian/Software/GatePython/gam-g4/build/temp.linux-x86_64-3.9/CMakeFiles/CMakeTmp

Run Build Command(s):/usr/bin/gmake cmTC_ceaef/fast && /usr/bin/gmake -f CMakeFiles/cmTC_ceaef.dir/build.make CMakeFiles/cmTC_ceaef.dir/build
gmake[1]: Entering directory '/export/home/tkaprelian/Software/GatePython/gam-g4/build/temp.linux-x86_64-3.9/CMakeFiles/CMakeTmp'
Building CXX object CMakeFiles/cmTC_ceaef.dir/src.cxx.o
/usr/bin/c++    -W -Wall -pedantic -Wno-non-virtual-dtor -Wno-long-long -Wwrite-strings -Wpointer-arith -Woverloaded-virtual -Wno-variadic-macros -Wshadow -pipe -pthread -ftls-model=initial-exec -std=c++11 -DVERSION_INFO=\"0.2.4\"  -msse2 -Dhas_std_1z_flag   -std=c++1z -std=gnu++1z -o CMakeFiles/cmTC_ceaef.dir/src.cxx.o -c /export/home/tkaprelian/Software/GatePython/gam-g4/build/temp.linux-x86_64-3.9/CMakeFiles/CMakeTmp/src.cxx
Linking CXX executable cmTC_ceaef
/export/home/tkaprelian/Software/cmake/cmake-3.16.4-Linux-x86_64/bin/cmake -E cmake_link_script CMakeFiles/cmTC_ceaef.dir/link.txt --verbose=1
/usr/bin/c++  -W -Wall -pedantic -Wno-non-virtual-dtor -Wno-long-long -Wwrite-strings -Wpointer-arith -Woverloaded-virtual -Wno-variadic-macros -Wshadow -pipe -pthread -ftls-model=initial-exec -std=c++11 -DVERSION_INFO=\"0.2.4\"  -msse2 -Dhas_std_1z_flag      CMakeFiles/cmTC_ceaef.dir/src.cxx.o  -o cmTC_ceaef 
gmake[1]: Leaving directory '/export/home/tkaprelian/Software/GatePython/gam-g4/build/temp.linux-x86_64-3.9/CMakeFiles/CMakeTmp'


Source file was:
int main() { return 0; }
Performing C++ SOURCE FILE Test SUPPORTS_USER_DEFINED_LITERALS succeeded with the following output:
Change Dir: /export/home/tkaprelian/Software/GatePython/gam-g4/build/temp.linux-x86_64-3.9/CMakeFiles/CMakeTmp

Run Build Command(s):/usr/bin/gmake cmTC_4badd/fast && /usr/bin/gmake -f CMakeFiles/cmTC_4badd.dir/build.make CMakeFiles/cmTC_4badd.dir/build
gmake[1]: Entering directory '/export/home/tkaprelian/Software/GatePython/gam-g4/build/temp.linux-x86_64-3.9/CMakeFiles/CMakeTmp'
Building CXX object CMakeFiles/cmTC_4badd.dir/src.cxx.o
/usr/bin/c++    -W -Wall -pedantic -Wno-non-virtual-dtor -Wno-long-long -Wwrite-strings -Wpointer-arith -Woverloaded-virtual -Wno-variadic-macros -Wshadow -pipe -pthread -ftls-model=initial-exec -std=c++11 -DVERSION_INFO=\"0.2.4\"  -msse2 -DSUPPORTS_USER_DEFINED_LITERALS -std=c++17   -std=gnu++1z -o CMakeFiles/cmTC_4badd.dir/src.cxx.o -c /export/home/tkaprelian/Software/GatePython/gam-g4/build/temp.linux-x86_64-3.9/CMakeFiles/CMakeTmp/src.cxx
Linking CXX executable cmTC_4badd
/export/home/tkaprelian/Software/cmake/cmake-3.16.4-Linux-x86_64/bin/cmake -E cmake_link_script CMakeFiles/cmTC_4badd.dir/link.txt --verbose=1
/usr/bin/c++  -W -Wall -pedantic -Wno-non-virtual-dtor -Wno-long-long -Wwrite-strings -Wpointer-arith -Woverloaded-virtual -Wno-variadic-macros -Wshadow -pipe -pthread -ftls-model=initial-exec -std=c++11 -DVERSION_INFO=\"0.2.4\"  -msse2 -DSUPPORTS_USER_DEFINED_LITERALS -std=c++17      CMakeFiles/cmTC_4badd.dir/src.cxx.o  -o cmTC_4badd 
gmake[1]: Leaving directory '/export/home/tkaprelian/Software/GatePython/gam-g4/build/temp.linux-x86_64-3.9/CMakeFiles/CMakeTmp'


Source file was:

  void operator"" _udl(long double);
  int main() {}
Performing C++ SOURCE FILE Test FMT_HAS_VARIANT succeeded with the following output:
Change Dir: /export/home/tkaprelian/Software/GatePython/gam-g4/build/temp.linux-x86_64-3.9/CMakeFiles/CMakeTmp

Run Build Command(s):/usr/bin/gmake cmTC_de349/fast && /usr/bin/gmake -f CMakeFiles/cmTC_de349.dir/build.make CMakeFiles/cmTC_de349.dir/build
gmake[1]: Entering directory '/export/home/tkaprelian/Software/GatePython/gam-g4/build/temp.linux-x86_64-3.9/CMakeFiles/CMakeTmp'
Building CXX object CMakeFiles/cmTC_de349.dir/src.cxx.o
/usr/bin/c++    -W -Wall -pedantic -Wno-non-virtual-dtor -Wno-long-long -Wwrite-strings -Wpointer-arith -Woverloaded-virtual -Wno-variadic-macros -Wshadow -pipe -pthread -ftls-model=initial-exec -std=c++11 -DVERSION_INFO=\"0.2.4\"  -msse2 -DFMT_HAS_VARIANT -std=c++1z   -std=gnu++1z -o CMakeFiles/cmTC_de349.dir/src.cxx.o -c /export/home/tkaprelian/Software/GatePython/gam-g4/build/temp.linux-x86_64-3.9/CMakeFiles/CMakeTmp/src.cxx
Linking CXX executable cmTC_de349
/export/home/tkaprelian/Software/cmake/cmake-3.16.4-Linux-x86_64/bin/cmake -E cmake_link_script CMakeFiles/cmTC_de349.dir/link.txt --verbose=1
/usr/bin/c++  -W -Wall -pedantic -Wno-non-virtual-dtor -Wno-long-long -Wwrite-strings -Wpointer-arith -Woverloaded-virtual -Wno-variadic-macros -Wshadow -pipe -pthread -ftls-model=initial-exec -std=c++11 -DVERSION_INFO=\"0.2.4\"  -msse2 -DFMT_HAS_VARIANT -std=c++1z      CMakeFiles/cmTC_de349.dir/src.cxx.o  -o cmTC_de349 
gmake[1]: Leaving directory '/export/home/tkaprelian/Software/GatePython/gam-g4/build/temp.linux-x86_64-3.9/CMakeFiles/CMakeTmp'


Source file was:

  #include <variant>
  int main() {}
